
> @coreui/coreui-free-react-admin-template@3.2.1 start /var/www/html/admin-dashboard
> react-scripts start

[34mℹ[39m [90m｢wds｣[39m: Project is running at http://172.31.29.183/
[34mℹ[39m [90m｢wds｣[39m: webpack output is served from 
[34mℹ[39m [90m｢wds｣[39m: Content not from webpack is served from /var/www/html/admin-dashboard/public
[34mℹ[39m [90m｢wds｣[39m: 404s will fallback to /
Starting the development server...

DEPRECATION WARNING: Using / for division is deprecated and will be removed in Dart Sass 2.0.0.

Recommendation: math.div($spacer, 2)

More info and automated migrator: https://sass-lang.com/d/slash-div

   ╷
31 │ $headings-margin-bottom:  $spacer / 2 !default;
   │                           ^^^^^^^^^^^
   ╵
    node_modules/@coreui/coreui/scss/variables/_typography.scss 31:27  @import
    node_modules/@coreui/coreui/scss/_variables.scss 18:9              @import
    node_modules/@coreui/coreui/scss/coreui.scss 10:9                  @import
    src/scss/style.scss 5:9                                            root stylesheet

DEPRECATION WARNING: Using / for division is deprecated and will be removed in Dart Sass 2.0.0.

Recommendation: math.div($input-padding-y, 2)

More info and automated migrator: https://sass-lang.com/d/slash-div

    ╷
120 │ $input-height-inner-quarter:  add($input-line-height * .25em, $input-padding-y / 2) !default;
    │                                                               ^^^^^^^^^^^^^^^^^^^^
    ╵
    node_modules/@coreui/coreui/scss/variables/components/_buttons-forms.scss 120:63  @import
    node_modules/@coreui/coreui/scss/_variables.scss 24:9                             @import
    node_modules/@coreui/coreui/scss/coreui.scss 10:9                                 @import
    src/scss/style.scss 5:9                                                           root stylesheet

DEPRECATION WARNING: Using / for division is deprecated and will be removed in Dart Sass 2.0.0.

Recommendation: math.div($custom-control-indicator-size, 2)

More info and automated migrator: https://sass-lang.com/d/slash-div

   ╷
28 │ $custom-switch-indicator-border-radius:  $custom-control-indicator-size / 2 !default;
   │                                          ^^^^^^^^^^^^^^^^^^^^^^^^^^^^^^^^^^
   ╵
    node_modules/@coreui/coreui/scss/variables/components/_custom-forms.scss 28:42  @import
    node_modules/@coreui/coreui/scss/_variables.scss 25:9                           @import
    node_modules/@coreui/coreui/scss/coreui.scss 10:9                               @import
    src/scss/style.scss 5:9                                                         root stylesheet

DEPRECATION WARNING: Using / for division is deprecated and will be removed in Dart Sass 2.0.0.

Recommendation: math.div($spacer, 2)

More info and automated migrator: https://sass-lang.com/d/slash-div

   ╷
16 │ $nav-divider-margin-y:  $spacer / 2 !default;
   │                         ^^^^^^^^^^^
   ╵
    node_modules/@coreui/coreui/scss/variables/components/_navs.scss 16:25  @import
    node_modules/@coreui/coreui/scss/_variables.scss 26:9                   @import
    node_modules/@coreui/coreui/scss/coreui.scss 10:9                       @import
    src/scss/style.scss 5:9                                                 root stylesheet

DEPRECATION WARNING: Using / for division is deprecated and will be removed in Dart Sass 2.0.0.

Recommendation: math.div($spacer, 2)

More info and automated migrator: https://sass-lang.com/d/slash-div

  ╷
5 │ $navbar-padding-y:  $spacer / 2 !default;
  │                     ^^^^^^^^^^^
  ╵
    node_modules/@coreui/coreui/scss/variables/components/_navbar.scss 5:21  @import
    node_modules/@coreui/coreui/scss/_variables.scss 27:9                    @import
    node_modules/@coreui/coreui/scss/coreui.scss 10:9                        @import
    src/scss/style.scss 5:9                                                  root stylesheet

WARNING: 113 repetitive deprecation warnings omitted.

Compiled with warnings.

src/App.js
  Line 1:17:  'useState' is defined but never used                                                                               no-unused-vars
  Line 1:27:  'useEffect' is defined but never used                                                                              no-unused-vars
  Line 4:22:  'Route' is defined but never used                                                                                  no-unused-vars
  Line 4:37:  'Redirect' is defined but never used                                                                               no-unused-vars
  Line 7:21:  'saveState' is defined but never used                                                                              no-unused-vars
  Line 32:6:  React Hook useLayoutEffect has a missing dependency: 'dispatch'. Either include it or remove the dependency array  react-hooks/exhaustive-deps

src/containers/TheHeader.js
  Line 8:3:   'CHeaderNavItem' is defined but never used          no-unused-vars
  Line 9:3:   'CHeaderNavLink' is defined but never used          no-unused-vars
  Line 12:3:  'CLink' is defined but never used                   no-unused-vars
  Line 21:3:  'TheHeaderDropdownMssg' is defined but never used   no-unused-vars
  Line 22:3:  'TheHeaderDropdownNotif' is defined but never used  no-unused-vars
  Line 23:3:  'TheHeaderDropdownTasks' is defined but never used  no-unused-vars

src/containers/TheHeaderDropdown.js
  Line 3:3:  'CBadge' is defined but never used  no-unused-vars

src/containers/TheLayout.js
  Line 7:3:  'TheFooter' is defined but never used  no-unused-vars

src/containers/TheSidebar.js
  Line 15:8:  'CIcon' is defined but never used  no-unused-vars

src/services/apis.js
  Line 57:83:  Expected '===' and instead saw '=='  eqeqeq

src/views/dashboard/Dashboard.js
  Line 3:3:     'CBadge' is defined but never used                                                                                  no-unused-vars
  Line 5:3:     'CButtonGroup' is defined but never used                                                                            no-unused-vars
  Line 8:3:     'CCardFooter' is defined but never used                                                                             no-unused-vars
  Line 11:3:    'CProgress' is defined but never used                                                                               no-unused-vars
  Line 13:3:    'CCallout' is defined but never used                                                                                no-unused-vars
  Line 26:8:    'countries' is defined but never used                                                                               no-unused-vars
  Line 32:7:    'WidgetsDropdown' is assigned a value but never used                                                                no-unused-vars
  Line 33:7:    'WidgetsBrand' is assigned a value but never used                                                                   no-unused-vars
  Line 67:44:   Expected '===' and instead saw '=='                                                                                 eqeqeq
  Line 90:6:    React Hook useEffect has a missing dependency: 'fetchAnalytics'. Either include it or remove the dependency array   react-hooks/exhaustive-deps
  Line 228:6:   React Hook useEffect has a missing dependency: 'fetchUserCount'. Either include it or remove the dependency array   react-hooks/exhaustive-deps
  Line 235:6:   React Hook useEffect has a missing dependency: 'userListingData'. Either include it or remove the dependency array  react-hooks/exhaustive-deps
  Line 241:6:   React Hook useEffect has a missing dependency: 'fetchSalesData'. Either include it or remove the dependency array   react-hooks/exhaustive-deps
  Line 456:27:  img elements must have an alt prop, either with meaningful text, or an empty string for decorative images           jsx-a11y/alt-text

src/views/language/LanguageListing.js
  Line 3:5:     'CBadge' is defined but never used                                                                                            no-unused-vars
  Line 14:10:   'DocsLink' is defined but never used                                                                                          no-unused-vars
  Line 17:8:    'usersData' is defined but never used                                                                                         no-unused-vars
  Line 67:8:    React Hook useLayoutEffect has a missing dependency: 'languageListingData'. Either include it or remove the dependency array  react-hooks/exhaustive-deps
  Line 73:8:    React Hook useEffect has a missing dependency: 'languageListingData'. Either include it or remove the dependency array        react-hooks/exhaustive-deps
  Line 76:19:   Expected '===' and instead saw '=='                                                                                           eqeqeq
  Line 76:40:   Expected '===' and instead saw '=='                                                                                           eqeqeq
  Line 82:64:   Unexpected mix of '&&' and '||'. Use parentheses to clarify the intended order of operations                                  no-mixed-operators
  Line 82:82:   Expected '===' and instead saw '=='                                                                                           eqeqeq
  Line 82:94:   Unexpected mix of '&&' and '||'. Use parentheses to clarify the intended order of operations                                  no-mixed-operators
  Line 82:112:  Expected '===' and instead saw '=='                                                                                           eqeqeq
  Line 128:25:  Expected '===' and instead saw '=='                                                                                           eqeqeq
  Line 255:61:  Expected '===' and instead saw '=='                                                                                           eqeqeq
  Line 271:61:  Expected '===' and instead saw '=='                                                                                           eqeqeq
  Line 287:61:  Expected '===' and instead saw '=='                                                                                           eqeqeq
  Line 311:61:  Expected '===' and instead saw '=='                                                                                           eqeqeq

src/views/pages/login/Login.js
  Line 1:27:  'useEffect' is defined but never used    no-unused-vars
  Line 2:10:  'Link' is defined but never used         no-unused-vars
  Line 3:10:  'useSelector' is defined but never used  no-unused-vars

src/views/words/WordListing.js
  Line 3:5:     'CBadge' is defined but never used                                                                                        no-unused-vars
  Line 11:5:    'CTextarea' is defined but never used                                                                                     no-unused-vars
  Line 14:10:   'DocsLink' is defined but never used                                                                                      no-unused-vars
  Line 17:8:    'usersData' is defined but never used                                                                                     no-unused-vars
  Line 56:8:    React Hook useLayoutEffect has a missing dependency: 'wordListingData'. Either include it or remove the dependency array  react-hooks/exhaustive-deps
  Line 62:8:    React Hook useEffect has a missing dependency: 'wordListingData'. Either include it or remove the dependency array        react-hooks/exhaustive-deps
  Line 107:25:  Expected '===' and instead saw '=='                                                                                       eqeqeq
  Line 194:61:  Expected '===' and instead saw '=='                                                                                       eqeqeq
  Line 220:61:  Expected '===' and instead saw '=='                                                                                       eqeqeq

Search for the keywords to learn more about each warning.
To ignore, add // eslint-disable-next-line to the line before.

